2026-06-22T20:15:43.493 - SID: bX-RChwc3YOKuKPlAAAB, Navegador: Mozilla/5.0 (X11; Ubuntu; Linux x86_64; rv:151.0) Gecko/20100101 Firefox/151.0
2026-06-22T20:16:02.334 - SID: fGoEFdKvmNodvuwtAAAD, Navegador: Mozilla/5.0 (X11; Ubuntu; Linux x86_64; rv:151.0) Gecko/20100101 Firefox/151.0
2026-06-22T20:16:12.072 - [MODIFICAR] ckñklkñkñll
2026-06-22T20:16:30.821 - [BORRAR] 10
2026-06-22T20:21:49.128 - SID: a7_dyOOrualTRlPHAAAB, Navegador: Mozilla/5.0 (X11; Ubuntu; Linux x86_64; rv:151.0) Gecko/20100101 Firefox/151.0
2026-06-22T20:22:02.941 - SID: yvw282iZ8dZuzThfAAAD, Navegador: Mozilla/5.0 (X11; Ubuntu; Linux x86_64; rv:151.0) Gecko/20100101 Firefox/151.0
2026-06-22T20:22:37.280 - [CREAR] Nombre: kjl, Comentario: , Direccion: jkj
2026-06-22T20:22:59.772 - [MODIFICAR] ID: 11, ANTES: Nombre: kjl, Comentario: , Direccion: jkj, DESPUES: Nombre: kjl, Comentario: fsfdfds, Direccion: jkj
2026-06-22T20:23:30.392 - [BORRAR] ID: 11, Nombre: kjl, Comentario: fsfdfds, Direccion: jkj
2026-06-22T20:35:53.683 - SID: 6j6x6d7wz0UEC-jxAAAB, Navegador: Mozilla/5.0 (X11; Ubuntu; Linux x86_64; rv:151.0) Gecko/20100101 Firefox/151.0
2026-06-22T20:36:07.637 - SID: OpOKnIMQEUAnqmmCAAAD, Navegador: Mozilla/5.0 (X11; Ubuntu; Linux x86_64; rv:151.0) Gecko/20100101 Firefox/151.0
2026-06-22T20:45:43.098 - SID: H5L8-8keTrd3GjKPAAAB, Navegador: Mozilla/5.0 (X11; Ubuntu; Linux x86_64; rv:151.0) Gecko/20100101 Firefox/151.0
2026-06-22T20:45:51.500 - SID: xckrPfvYj_TjX-zLAAAD, Navegador: Mozilla/5.0 (X11; Ubuntu; Linux x86_64; rv:151.0) Gecko/20100101 Firefox/151.0
2026-06-22T21:12:30.327 - INFO: 2026-06-22T21:12:30.326 - SID: 6vU2Ww2yU2yANefSAAAB, Navegador: Mozilla/5.0 (X11; Ubuntu; Linux x86_64; rv:151.0) Gecko/20100101 Firefox/151.0
2026-06-22T21:12:40.957 - INFO: 2026-06-22T21:12:40.957 - SID: QXomjXRi_YV0OtzAAAAD, Navegador: Mozilla/5.0 (X11; Ubuntu; Linux x86_64; rv:151.0) Gecko/20100101 Firefox/151.0
2026-06-22T21:12:57.970 - INFO: 2026-06-22T21:12:57.970 - [CREAR] Nombre: fggfg, Comentario: , Direccion: gfdgdg
2026-06-22T21:13:08.657 - INFO: 2026-06-22T21:13:08.657 - [MODIFICAR] ID: 12, ANTES: Nombre: fggfg, Comentario: , Direccion: gfdgdg, DESPUES: Nombre: fggfg, Comentario: ffffffffffffffffffff, Direccion: gfdgdg
2026-06-22T21:13:16.459 - INFO: 2026-06-22T21:13:16.459 - [BORRAR] ID: 12, Nombre: fggfg, Comentario: ffffffffffffffffffff, Direccion: gfdgdg
2026-06-22T21:13:30.095 - INFO: 2026-06-22T21:13:30.095 - [BUSCAR] comentario:noticias
2026-06-22T21:13:31.317 - INFO: 2026-06-22T21:13:31.317 - [BUSCAR] comentario:noticias
2026-06-22T21:19:52.941 - INFO: 2026-06-22T21:19:52.940 - SID: v7euBE-jPc73mqKIAAAB, Navegador: Mozilla/5.0 (X11; Ubuntu; Linux x86_64; rv:151.0) Gecko/20100101 Firefox/151.0
2026-06-22T21:19:59.062 - INFO: 2026-06-22T21:19:59.062 - SID: VUTKXYwPwBb7HrrwAAAD, Navegador: Mozilla/5.0 (X11; Ubuntu; Linux x86_64; rv:151.0) Gecko/20100101 Firefox/151.0
2026-06-22T21:20:17.629 - INFO: 2026-06-22T21:20:17.629 - [BUSCAR] comentario:noticias
2026-06-22T21:20:18.861 - INFO: 2026-06-22T21:20:18.861 - [BUSCAR] comentario:noticias
2026-06-22T21:20:29.078 - INFO: 2026-06-22T21:20:29.078 - [BUSCAR] comentario:Noticias
2026-06-22T21:27:47.073 - INFO: 2026-06-22T21:27:47.071 - SID: RAZjEWddgWhnrTtAAAAB, Navegador: Mozilla/5.0 (X11; Ubuntu; Linux x86_64; rv:151.0) Gecko/20100101 Firefox/151.0
2026-06-22T21:27:56.604 - INFO: 2026-06-22T21:27:56.604 - SID: AIzWcMlWZq8oNfnLAAAD, Navegador: Mozilla/5.0 (X11; Ubuntu; Linux x86_64; rv:151.0) Gecko/20100101 Firefox/151.0
2026-06-22T21:28:01.162 - INFO: 2026-06-22T21:28:01.162 - [BUSCAR] comentario:Noticias
2026-06-22T23:13:11.995 - INFO: 2026-06-22T23:13:11.995 - SID: fUJgFwT6_AKKSvGFAAAF, Navegador: Mozilla/5.0 (X11; Ubuntu; Linux x86_64; rv:151.0) Gecko/20100101 Firefox/151.0
2026-06-22T23:28:32.460 - INFO: 2026-06-22T23:28:32.460 - SID: vYBys2NcDLFmzaGbAAAH, Navegador: Mozilla/5.0 (X11; Ubuntu; Linux x86_64; rv:151.0) Gecko/20100101 Firefox/151.0
2026-06-22T23:47:07.060 - INFO: 2026-06-22T23:47:07.060 - SID: yCwfhohdNDm6T3hTAAAJ, Navegador: Mozilla/5.0 (X11; Ubuntu; Linux x86_64; rv:151.0) Gecko/20100101 Firefox/151.0
2026-06-23T15:47:43.732 - INFO: 2026-06-23T15:47:43.731 - SID: jeDVsMKV8m4WtgL2AAAB, Navegador: Mozilla/5.0 (X11; Ubuntu; Linux x86_64; rv:151.0) Gecko/20100101 Firefox/151.0
2026-06-23T19:33:34.341 - INFO: 2026-06-23T19:33:34.340 - SID: w6yfInrNj5HaYctRAAAB, Navegador: Mozilla/5.0 (X11; Ubuntu; Linux x86_64; rv:151.0) Gecko/20100101 Firefox/151.0
2026-06-24T00:57:48.598 - INFO: 2026-06-24T00:57:48.598 - SID: 7WLNKH7dH0b-OspcAAAB, Navegador: Mozilla/5.0 (X11; Ubuntu; Linux x86_64; rv:151.0) Gecko/20100101 Firefox/151.0
2026-06-24T20:46:23.870 - INFO: 2026-06-24T20:46:23.870 - SID: GzUATzJe6UkK1IoFAAAB, Navegador: Mozilla/5.0 (X11; Ubuntu; Linux x86_64; rv:151.0) Gecko/20100101 Firefox/151.0
2026-06-24T21:12:40.572 - INFO: 2026-06-24T21:12:40.571 - SID: -uJy4pbU2yF43MazAAAB, Navegador: Mozilla/5.0 (X11; Ubuntu; Linux x86_64; rv:151.0) Gecko/20100101 Firefox/151.0
2026-06-24T21:12:47.167 - INFO: 2026-06-24T21:12:47.167 - SID: Odtyva8aiVMborqlAAAD, Navegador: Mozilla/5.0 (X11; Ubuntu; Linux x86_64; rv:151.0) Gecko/20100101 Firefox/151.0
2026-06-24T21:33:17.358 - INFO: 2026-06-24T21:33:17.358 - SID: TPnC8hs58N8wWCxRAAAB, Navegador: Mozilla/5.0 (X11; Ubuntu; Linux x86_64; rv:151.0) Gecko/20100101 Firefox/151.0
2026-06-24T21:33:20.893 - INFO: 2026-06-24T21:33:20.893 - SID: 2wsq_m0KL_HFBdD3AAAD, Navegador: Mozilla/5.0 (X11; Ubuntu; Linux x86_64; rv:151.0) Gecko/20100101 Firefox/151.0
2026-06-24T21:56:01.666 - INFO: 2026-06-24T21:56:01.665 - SID: rhcdkbA0mH_hbBEOAAAB, Navegador: Mozilla/5.0 (X11; Ubuntu; Linux x86_64; rv:151.0) Gecko/20100101 Firefox/151.0
2026-06-24T21:56:04.976 - INFO: 2026-06-24T21:56:04.976 - SID: nHaUuXinAjLrkhzOAAAD, Navegador: Mozilla/5.0 (X11; Ubuntu; Linux x86_64; rv:151.0) Gecko/20100101 Firefox/151.0
2026-06-24T22:17:26.838 - INFO: 2026-06-24T22:17:26.838 - SID: IJWAiCW8sRxfuO-8AAAB, Navegador: Mozilla/5.0 (X11; Ubuntu; Linux x86_64; rv:151.0) Gecko/20100101 Firefox/151.0
2026-06-24T22:17:35.276 - INFO: 2026-06-24T22:17:35.276 - SID: f8NU7lsiBtHwqb1WAAAD, Navegador: Mozilla/5.0 (X11; Ubuntu; Linux x86_64; rv:151.0) Gecko/20100101 Firefox/151.0
2026-06-24T23:18:00.404 - INFO: 2026-06-24T23:18:00.403 - SID: EDtrhxsBncJ76YKGAAAB, Navegador: Mozilla/5.0 (X11; Ubuntu; Linux x86_64; rv:151.0) Gecko/20100101 Firefox/151.0
2026-06-24T23:18:10.066 - INFO: 2026-06-24T23:18:10.066 - SID: WqXT5wMijJ8AlO5ZAAAD, Navegador: Mozilla/5.0 (X11; Ubuntu; Linux x86_64; rv:151.0) Gecko/20100101 Firefox/151.0
2026-06-24T23:42:27.566 - INFO: 2026-06-24T23:42:27.566 - SID: GwPXeFporBHDHRtvAAAF, Navegador: Mozilla/5.0 (X11; Ubuntu; Linux x86_64; rv:151.0) Gecko/20100101 Firefox/151.0
2026-06-24T23:54:41.944 - INFO: 2026-06-24T23:54:41.942 - SID: SjzGJmMbfx1vKc4DAAAB, Navegador: Mozilla/5.0 (X11; Ubuntu; Linux x86_64; rv:151.0) Gecko/20100101 Firefox/151.0
2026-06-24T23:54:51.524 - INFO: 2026-06-24T23:54:51.523 - SID: pfMpHCg2Mdgo1hwvAAAD, Navegador: Mozilla/5.0 (X11; Ubuntu; Linux x86_64; rv:151.0) Gecko/20100101 Firefox/151.0
2026-06-25T00:11:55.907 - INFO: 2026-06-25T00:11:55.906 - SID: HOV8ey2y06T3-SjvAAAB, Navegador: Mozilla/5.0 (X11; Ubuntu; Linux x86_64; rv:151.0) Gecko/20100101 Firefox/151.0
2026-06-25T00:12:02.245 - INFO: 2026-06-25T00:12:02.245 - SID: IhPEeMKvJzh5Y6-_AAAD, Navegador: Mozilla/5.0 (X11; Ubuntu; Linux x86_64; rv:151.0) Gecko/20100101 Firefox/151.0
2026-06-25T00:21:11.368 - INFO: 2026-06-25T00:21:11.368 - SID: C5pEnNlPAIcgGEwdAAAF, Navegador: Mozilla/5.0 (X11; Ubuntu; Linux x86_64; rv:151.0) Gecko/20100101 Firefox/151.0
2026-06-25T00:22:53.495 - INFO: 2026-06-25T00:22:53.495 - SID: 68W6ZuXjpgz_lBa-AAAH, Navegador: Mozilla/5.0 (X11; Ubuntu; Linux x86_64; rv:151.0) Gecko/20100101 Firefox/151.0
2026-06-25T00:31:49.391 - INFO: 2026-06-25T00:31:49.390 - SID: XM-92zhkiX5nJ83VAAAB, Navegador: Mozilla/5.0 (X11; Ubuntu; Linux x86_64; rv:151.0) Gecko/20100101 Firefox/151.0
2026-06-25T00:31:55.134 - INFO: 2026-06-25T00:31:55.134 - SID: oI73Mk0f7uZRNDlHAAAD, Navegador: Mozilla/5.0 (X11; Ubuntu; Linux x86_64; rv:151.0) Gecko/20100101 Firefox/151.0
2026-06-25T00:47:00.044 - INFO: 2026-06-25T00:47:00.043 - SID: 6mXpjuyUaqUgY_SSAAAB, Navegador: Mozilla/5.0 (X11; Ubuntu; Linux x86_64; rv:151.0) Gecko/20100101 Firefox/151.0
2026-06-25T00:47:05.630 - INFO: 2026-06-25T00:47:05.630 - SID: OlPFDuvpvPGnmzVvAAAD, Navegador: Mozilla/5.0 (X11; Ubuntu; Linux x86_64; rv:151.0) Gecko/20100101 Firefox/151.0
2026-06-25T00:47:18.604 - INFO: 2026-06-25T00:47:18.604 - SID: f4YQ54szCE9jy4SbAAAF, Navegador: Mozilla/5.0 (X11; Ubuntu; Linux x86_64; rv:151.0) Gecko/20100101 Firefox/151.0
2026-06-25T00:49:58.790 - INFO: 2026-06-25T00:49:58.790 - SID: vzIpzSWh7w4cceFIAAAH, Navegador: Mozilla/5.0 (X11; Ubuntu; Linux x86_64; rv:151.0) Gecko/20100101 Firefox/151.0
2026-06-25T00:55:13.351 - INFO: 2026-06-25T00:55:13.351 - SID: 6DW0iMRkb-_5DTB6AAAJ, Navegador: Mozilla/5.0 (X11; Linux x86_64) AppleWebKit/537.36 (KHTML, like Gecko) Code/1.112.0 Chrome/142.0.7444.265 Electron/39.8.0 Safari/537.36
2026-06-25T00:55:43.368 - INFO: 2026-06-25T00:55:43.368 - SID: eNVAxf75fMakroT1AAAL, Navegador: Mozilla/5.0 (X11; Linux x86_64) AppleWebKit/537.36 (KHTML, like Gecko) Code/1.112.0 Chrome/142.0.7444.265 Electron/39.8.0 Safari/537.36
2026-06-25T01:00:01.660 - INFO: 2026-06-25T01:00:01.660 - SID: EVfw5aWGyxiVhrStAAAN, Navegador: Mozilla/5.0 (X11; Ubuntu; Linux x86_64; rv:151.0) Gecko/20100101 Firefox/151.0
2026-06-25T01:06:03.253 - INFO: 2026-06-25T01:06:03.253 - SID: wXYb-UdUScRD4kvEAAAP, Navegador: Mozilla/5.0 (X11; Linux x86_64) AppleWebKit/537.36 (KHTML, like Gecko) Code/1.112.0 Chrome/142.0.7444.265 Electron/39.8.0 Safari/537.36
2026-06-25T01:07:56.973 - INFO: 2026-06-25T01:07:56.972 - SID: Vx0fRwtHdPIUgvh-AAAR, Navegador: Mozilla/5.0 (X11; Linux x86_64) AppleWebKit/537.36 (KHTML, like Gecko) Code/1.112.0 Chrome/142.0.7444.265 Electron/39.8.0 Safari/537.36
2026-06-25T01:08:31.810 - INFO: 2026-06-25T01:08:31.810 - SID: NupeXwKizCHO6TY-AAAB, Navegador: Mozilla/5.0 (X11; Ubuntu; Linux x86_64; rv:151.0) Gecko/20100101 Firefox/151.0
2026-06-25T01:08:31.943 - INFO: 2026-06-25T01:08:31.943 - SID: 5mrs6m2mPOWqnwYxAAAD, Navegador: Mozilla/5.0 (X11; Linux x86_64) AppleWebKit/537.36 (KHTML, like Gecko) Code/1.112.0 Chrome/142.0.7444.265 Electron/39.8.0 Safari/537.36
2026-06-25T01:08:39.798 - INFO: 2026-06-25T01:08:39.798 - SID: xHbPM_mxuJYh9u5IAAAF, Navegador: Mozilla/5.0 (X11; Ubuntu; Linux x86_64; rv:151.0) Gecko/20100101 Firefox/151.0
2026-06-25T01:19:57.612 - INFO: 2026-06-25T01:19:57.612 - SID: y-t3r96G_RpYiauqAAAH, Navegador: Mozilla/5.0 (X11; Linux x86_64) AppleWebKit/537.36 (KHTML, like Gecko) Code/1.112.0 Chrome/142.0.7444.265 Electron/39.8.0 Safari/537.36
2026-06-25T01:20:41.123 - INFO: 2026-06-25T01:20:41.122 - SID: OS5Xw3E6QuzQgNRaAAAB, Navegador: Mozilla/5.0 (X11; Linux x86_64) AppleWebKit/537.36 (KHTML, like Gecko) Code/1.112.0 Chrome/142.0.7444.265 Electron/39.8.0 Safari/537.36
2026-06-25T01:20:43.359 - INFO: 2026-06-25T01:20:43.359 - SID: sy1baGdU8CZt7r_SAAAD, Navegador: Mozilla/5.0 (X11; Ubuntu; Linux x86_64; rv:151.0) Gecko/20100101 Firefox/151.0
2026-06-25T01:21:10.314 - INFO: 2026-06-25T01:21:10.314 - SID: -p55wPsXKViEXK9fAAAF, Navegador: Mozilla/5.0 (X11; Ubuntu; Linux x86_64; rv:151.0) Gecko/20100101 Firefox/151.0
2026-06-25T01:21:25.065 - INFO: 2026-06-25T01:21:25.064 - SID: 6EK107w3jFZDw83NAAAH, Navegador: Mozilla/5.0 (X11; Ubuntu; Linux x86_64; rv:151.0) Gecko/20100101 Firefox/151.0
2026-06-25T01:24:05.523 - INFO: 2026-06-25T01:24:05.523 - SID: nNFuNoZNCifnmKXjAAAJ, Navegador: Mozilla/5.0 (X11; Linux x86_64) AppleWebKit/537.36 (KHTML, like Gecko) Code/1.112.0 Chrome/142.0.7444.265 Electron/39.8.0 Safari/537.36
2026-06-25T01:24:05.701 - INFO: 2026-06-25T01:24:05.701 - SID: xbGxHdW926um9utPAAAL, Navegador: Mozilla/5.0 (X11; Linux x86_64) AppleWebKit/537.36 (KHTML, like Gecko) Code/1.112.0 Chrome/142.0.7444.265 Electron/39.8.0 Safari/537.36
2026-06-25T01:24:35.462 - INFO: 2026-06-25T01:24:35.461 - SID: zR-6LpSp4Bq9XQgUAAAD, Navegador: Mozilla/5.0 (X11; Linux x86_64) AppleWebKit/537.36 (KHTML, like Gecko) Code/1.112.0 Chrome/142.0.7444.265 Electron/39.8.0 Safari/537.36
2026-06-25T01:24:35.658 - INFO: 2026-06-25T01:24:35.658 - SID: QVFNjwTRwj6EtreSAAAB, Navegador: Mozilla/5.0 (X11; Ubuntu; Linux x86_64; rv:151.0) Gecko/20100101 Firefox/151.0
2026-06-25T01:24:47.792 - INFO: 2026-06-25T01:24:47.792 - SID: UiRJh8dX5Fpnt6z0AAAF, Navegador: Mozilla/5.0 (X11; Ubuntu; Linux x86_64; rv:151.0) Gecko/20100101 Firefox/151.0
2026-06-25T01:27:04.991 - INFO: 2026-06-25T01:27:04.990 - SID: 96UYIqeCuKk0S7LDAAAH, Navegador: Mozilla/5.0 (X11; Linux x86_64) AppleWebKit/537.36 (KHTML, like Gecko) Code/1.112.0 Chrome/142.0.7444.265 Electron/39.8.0 Safari/537.36
2026-06-25T01:27:05.184 - INFO: 2026-06-25T01:27:05.184 - SID: S4ZTsA8gctTeUkddAAAJ, Navegador: Mozilla/5.0 (X11; Linux x86_64) AppleWebKit/537.36 (KHTML, like Gecko) Code/1.112.0 Chrome/142.0.7444.265 Electron/39.8.0 Safari/537.36
2026-06-25T01:28:04.695 - INFO: 2026-06-25T01:28:04.695 - SID: 8zHo1gx6wxlhoK6NAAAL, Navegador: Mozilla/5.0 (X11; Linux x86_64) AppleWebKit/537.36 (KHTML, like Gecko) Code/1.112.0 Chrome/142.0.7444.265 Electron/39.8.0 Safari/537.36
2026-06-25T01:28:04.812 - INFO: 2026-06-25T01:28:04.812 - SID: nVCpoT39LorJp2N7AAAN, Navegador: Mozilla/5.0 (X11; Linux x86_64) AppleWebKit/537.36 (KHTML, like Gecko) Code/1.112.0 Chrome/142.0.7444.265 Electron/39.8.0 Safari/537.36
2026-06-25T01:28:28.260 - INFO: 2026-06-25T01:28:28.259 - SID: B-aFe79UVaDklbx0AAAB, Navegador: Mozilla/5.0 (X11; Ubuntu; Linux x86_64; rv:151.0) Gecko/20100101 Firefox/151.0
2026-06-25T01:28:30.020 - INFO: 2026-06-25T01:28:30.020 - SID: HGwyjSM2847HCwjJAAAD, Navegador: Mozilla/5.0 (X11; Linux x86_64) AppleWebKit/537.36 (KHTML, like Gecko) Code/1.112.0 Chrome/142.0.7444.265 Electron/39.8.0 Safari/537.36
2026-06-25T01:28:37.609 - INFO: 2026-06-25T01:28:37.609 - SID: -Qxh8h_UDbflnhmrAAAF, Navegador: Mozilla/5.0 (X11; Ubuntu; Linux x86_64; rv:151.0) Gecko/20100101 Firefox/151.0
2026-06-25T14:16:56.439 - INFO: 2026-06-25T14:16:56.438 - SID: DI8AiT9nAVIkIZoTAAAB, Navegador: Mozilla/5.0 (X11; Ubuntu; Linux x86_64; rv:151.0) Gecko/20100101 Firefox/151.0
2026-06-25T14:19:01.070 - INFO: 2026-06-25T14:19:01.070 - SID: 6SyaV-apl74GE3MuAAAD, Navegador: Mozilla/5.0 (X11; Ubuntu; Linux x86_64; rv:151.0) Gecko/20100101 Firefox/151.0
2026-06-25T14:19:55.302 - INFO: 2026-06-25T14:19:55.302 - SID: iCEtOUkeidNvhxTcAAAF, Navegador: Mozilla/5.0 (X11; Ubuntu; Linux x86_64; rv:151.0) Gecko/20100101 Firefox/151.0
2026-06-25T14:21:36.262 - INFO: 2026-06-25T14:21:36.262 - SID: 7u4UA8CV5EB846tyAAAH, Navegador: Mozilla/5.0 (X11; Ubuntu; Linux x86_64; rv:151.0) Gecko/20100101 Firefox/151.0
2026-06-25T14:24:51.431 - INFO: 2026-06-25T14:24:51.431 - SID: 6xUMlvfWUw5wLd6XAAAJ, Navegador: Mozilla/5.0 (X11; Ubuntu; Linux x86_64; rv:151.0) Gecko/20100101 Firefox/151.0
2026-06-30T21:06:15.354 - INFO: 2026-06-30T21:06:15.354 - SID: 0lNmeYQ-zuiuLEN9AAAB, Navegador: Mozilla/5.0 (X11; Ubuntu; Linux x86_64; rv:151.0) Gecko/20100101 Firefox/151.0
2026-06-30T21:28:08.621 - INFO: 2026-06-30T21:28:08.621 - SID: aCd9Qxydwd6NzpFmAAAD, Navegador: Mozilla/5.0 (X11; Ubuntu; Linux x86_64; rv:151.0) Gecko/20100101 Firefox/151.0
2026-07-04T21:25:02.289 - INFO: 2026-07-04T21:25:02.289 - [CREAR] Nombre: Link Visitante, Comentario: Despues de aprobar, Direccion: https://example.com
2026-07-04T21:25:02.379 - INFO: 2026-07-04T21:25:02.379 - [MODIFICAR] ID: 11, ANTES: Nombre: Link Visitante, Comentario: Despues de aprobar, Direccion: https://example.com, DESPUES: Nombre: Edit owner, Comentario: Permitido, Direccion: https://example.com/edit
2026-07-06T15:56:57.540 - INFO: 2026-07-06T15:56:57.539 - SID: CXdbOQFhNaAe_T8iAAAB, Navegador: Mozilla/5.0 (X11; Ubuntu; Linux x86_64; rv:151.0) Gecko/20100101 Firefox/151.0
2026-07-06T16:26:49.742 - INFO: 2026-07-06T16:26:49.741 - SID: pmHKrzSVGvbDwfsAAAAB, Navegador: Mozilla/5.0 (X11; Ubuntu; Linux x86_64; rv:151.0) Gecko/20100101 Firefox/151.0
2026-07-06T16:26:55.874 - INFO: 2026-07-06T16:26:55.874 - SID: JKnN8OgNR2JLP2-gAAAD, Navegador: Mozilla/5.0 (X11; Ubuntu; Linux x86_64; rv:151.0) Gecko/20100101 Firefox/151.0
2026-07-06T16:46:32.140 - INFO: 2026-07-06T16:46:32.139 - SID: qzeH7sQB9Oi7ziUaAAAB, Navegador: Mozilla/5.0 (X11; Ubuntu; Linux x86_64; rv:151.0) Gecko/20100101 Firefox/151.0
2026-07-06T16:46:35.271 - INFO: 2026-07-06T16:46:35.271 - SID: ftoGx-bKM-u8e3oRAAAD, Navegador: Mozilla/5.0 (X11; Ubuntu; Linux x86_64; rv:151.0) Gecko/20100101 Firefox/151.0
2026-07-06T16:47:44.889 - INFO: 2026-07-06T16:47:44.888 - SID: bbSuFCvPgqlt-uUHAAAB, Navegador: Mozilla/5.0 (X11; Ubuntu; Linux x86_64; rv:151.0) Gecko/20100101 Firefox/151.0
2026-07-07T22:12:24.251 - INFO: 2026-07-07T22:12:24.251 - SID: Lu-w_PpCzwFv70CNAAAB, Navegador: Mozilla/5.0 (X11; Ubuntu; Linux x86_64; rv:152.0) Gecko/20100101 Firefox/152.0
2026-07-07T22:15:50.832 - INFO: 2026-07-07T22:15:50.832 - SID: 3Qprq2QUNdEyX31oAAAD, Navegador: Mozilla/5.0 (X11; Ubuntu; Linux x86_64; rv:152.0) Gecko/20100101 Firefox/152.0
2026-07-09T09:02:14.355 - INFO: 2026-07-09T09:02:14.354 - SID: nl8_-8z_HOQ8lnJSAAAB, Navegador: Mozilla/5.0 (X11; Ubuntu; Linux x86_64; rv:152.0) Gecko/20100101 Firefox/152.0
2026-07-09T09:02:20.545 - INFO: 2026-07-09T09:02:20.545 - SID: tde4Sx9eDEu4h7pBAAAD, Navegador: Mozilla/5.0 (X11; Ubuntu; Linux x86_64; rv:152.0) Gecko/20100101 Firefox/152.0
2026-07-09T16:19:01.312 - INFO: 2026-07-09T16:19:01.312 - SID: V4fR6kLidyewb740AAAB, Navegador: Mozilla/5.0 (X11; Ubuntu; Linux x86_64; rv:152.0) Gecko/20100101 Firefox/152.0
2026-07-09T20:05:07.617 - INFO: 2026-07-09T20:05:07.616 - SID: BFUrMwQgCQyrxoaZAAAB, Navegador: Mozilla/5.0 (X11; Ubuntu; Linux x86_64; rv:152.0) Gecko/20100101 Firefox/152.0
2026-07-09T20:05:11.072 - INFO: 2026-07-09T20:05:11.072 - SID: NPGzE5tkMXhqXqyYAAAD, Navegador: Mozilla/5.0 (X11; Ubuntu; Linux x86_64; rv:152.0) Gecko/20100101 Firefox/152.0
2026-07-09T20:52:06.148 - INFO: 2026-07-09T20:52:06.147 - SID: ko4FS-avERLjskLwAAAB, Navegador: Mozilla/5.0 (X11; Ubuntu; Linux x86_64; rv:152.0) Gecko/20100101 Firefox/152.0
2026-07-09T20:52:17.020 - INFO: 2026-07-09T20:52:17.020 - SID: UgrSBBRUZbdrBNmdAAAD, Navegador: Mozilla/5.0 (X11; Ubuntu; Linux x86_64; rv:152.0) Gecko/20100101 Firefox/152.0
2026-07-09T22:06:33.791 - INFO: 2026-07-09T22:06:33.790 - SID: JnD9ckWmQtpcoffeAAAB, Navegador: Mozilla/5.0 (X11; Ubuntu; Linux x86_64; rv:152.0) Gecko/20100101 Firefox/152.0
2026-07-09T22:06:36.430 - INFO: 2026-07-09T22:06:36.430 - SID: skXHus2mUhNcviiVAAAD, Navegador: Mozilla/5.0 (X11; Ubuntu; Linux x86_64; rv:152.0) Gecko/20100101 Firefox/152.0
2026-07-09T22:08:08.368 - INFO: 2026-07-09T22:08:08.368 - SID: SoiiWIj-nceozh3IAAAF, Navegador: Mozilla/5.0 (X11; Ubuntu; Linux x86_64; rv:152.0) Gecko/20100101 Firefox/152.0
2026-07-09T22:08:27.002 - INFO: 2026-07-09T22:08:27.002 - SID: QejxEbsguMJiOLGYAAAH, Navegador: Mozilla/5.0 (X11; Ubuntu; Linux x86_64; rv:152.0) Gecko/20100101 Firefox/152.0
2026-07-09T22:16:45.340 - INFO: 2026-07-09T22:16:45.339 - SID: JHCAlX-FGNj7sluUAAAB, Navegador: Mozilla/5.0 (X11; Ubuntu; Linux x86_64; rv:152.0) Gecko/20100101 Firefox/152.0
2026-07-09T22:16:54.787 - INFO: 2026-07-09T22:16:54.787 - SID: ZsGoP5Xfw9IJfN1xAAAD, Navegador: Mozilla/5.0 (X11; Ubuntu; Linux x86_64; rv:152.0) Gecko/20100101 Firefox/152.0
2026-07-09T22:17:09.277 - INFO: 2026-07-09T22:17:09.277 - SID: _OHo-k_XPFi-wLliAAAF, Navegador: Mozilla/5.0 (X11; Ubuntu; Linux x86_64; rv:152.0) Gecko/20100101 Firefox/152.0
2026-07-09T22:17:10.633 - INFO: 2026-07-09T22:17:10.633 - SID: LgIm6sgExKYy9NLNAAAH, Navegador: Mozilla/5.0 (X11; Ubuntu; Linux x86_64; rv:152.0) Gecko/20100101 Firefox/152.0
2026-07-09T23:51:07.172 - INFO: 2026-07-09T23:51:07.172 - SID: ePkpX-V8NyP6HeYuAAAJ, Navegador: Mozilla/5.0 (X11; Ubuntu; Linux x86_64; rv:152.0) Gecko/20100101 Firefox/152.0
2026-07-10T00:21:39.379 - INFO: 2026-07-10T00:21:39.378 - SID: LYMG5tkfjKqMQolTAAAB, Navegador: Mozilla/5.0 (X11; Ubuntu; Linux x86_64; rv:152.0) Gecko/20100101 Firefox/152.0
2026-07-10T00:21:45.925 - INFO: 2026-07-10T00:21:45.925 - SID: LhMyPCxXCUfmi_bzAAAD, Navegador: Mozilla/5.0 (X11; Ubuntu; Linux x86_64; rv:152.0) Gecko/20100101 Firefox/152.0
2026-07-10T00:21:49.759 - INFO: 2026-07-10T00:21:49.759 - SID: gNrOe667NaNXQHADAAAF, Navegador: Mozilla/5.0 (X11; Ubuntu; Linux x86_64; rv:152.0) Gecko/20100101 Firefox/152.0
2026-07-10T01:16:41.366 - INFO: 2026-07-10T01:16:41.365 - SID: 4fm7jARNigNP3pQFAAAB, Navegador: Mozilla/5.0 (X11; Ubuntu; Linux x86_64; rv:152.0) Gecko/20100101 Firefox/152.0
2026-07-10T01:17:48.430 - INFO: 2026-07-10T01:17:48.430 - SID: 0GkuTBrNxRMcAf9XAAAD, Navegador: Mozilla/5.0 (X11; Ubuntu; Linux x86_64; rv:152.0) Gecko/20100101 Firefox/152.0
2026-07-10T01:17:52.859 - INFO: 2026-07-10T01:17:52.859 - SID: y9PoC5wy3tsHK2NrAAAF, Navegador: Mozilla/5.0 (X11; Ubuntu; Linux x86_64; rv:152.0) Gecko/20100101 Firefox/152.0
2026-07-10T01:30:18.561 - INFO: 2026-07-10T01:30:18.561 - SID: xgz_uBuZx2kufEg4AAAB, Navegador: Mozilla/5.0 (X11; Ubuntu; Linux x86_64; rv:152.0) Gecko/20100101 Firefox/152.0
2026-07-10T01:34:27.363 - INFO: 2026-07-10T01:34:27.362 - SID: uv9IJEzRUT2vesPdAAAB, Navegador: Mozilla/5.0 (X11; Ubuntu; Linux x86_64; rv:152.0) Gecko/20100101 Firefox/152.0
2026-07-10T01:36:03.563 - INFO: 2026-07-10T01:36:03.563 - SID: DpIOnAQTiJlW57IuAAAD, Navegador: Mozilla/5.0 (X11; Ubuntu; Linux x86_64; rv:152.0) Gecko/20100101 Firefox/152.0
2026-07-10T01:36:07.843 - INFO: 2026-07-10T01:36:07.843 - SID: vFQH2kljWzIxu119AAAF, Navegador: Mozilla/5.0 (X11; Ubuntu; Linux x86_64; rv:152.0) Gecko/20100101 Firefox/152.0
2026-07-10T01:36:17.182 - INFO: 2026-07-10T01:36:17.182 - SID: tT_SXBv-NXB_zb0IAAAH, Navegador: Mozilla/5.0 (X11; Ubuntu; Linux x86_64; rv:152.0) Gecko/20100101 Firefox/152.0
2026-07-10T01:41:44.339 - INFO: 2026-07-10T01:41:44.339 - [CREAR] Nombre: Sky & Telescope, Comentario: Astronomia para aficionados, Direccion: https://skyandtelescope.org
2026-07-10T01:42:03.469 - INFO: 2026-07-10T01:42:03.469 - [BORRAR] ID: 4, Nombre: Sky & Telescope, Comentario: Astronomia para aficionados, Direccion: https://skyandtelescope.org
